生成启动时间为 2017/9/18 16:50:00。
     1>项目“E:\program\NodeList\listNode\listNode\listNode.vcxproj”在节点 2 上(Build 个目标)。
     1>ClCompile:
         C:\Program Files (x86)\Microsoft Visual Studio 11.0\VC\bin\CL.exe /c /ZI /nologo /W3 /WX- /Od /Oy- /D WIN32 /D _DEBUG /D _CONSOLE /D _UNICODE /D UNICODE /Gm /EHsc /RTC1 /MDd /GS /fp:precise /Zc:wchar_t /Zc:forScope /Fo"Debug\\" /Fd"Debug\vc110.pdb" /Gd /TC /analyze- /errorReport:prompt list.c
         list.c
     1>e:\program\nodelist\listnode\listnode\list.c(42): warning C4047: “=”:“int”与“void *”的间接级别不同
     1>e:\program\nodelist\listnode\listnode\list.c(75): warning C4033: “HeadDelNode”必须返回值
     1>e:\program\nodelist\listnode\listnode\list.c(110): warning C4033: “LocalInsertNode”必须返回值
     1>e:\program\nodelist\listnode\listnode\list.c(142): warning C4033: “LocalDelNode”必须返回值
     1>e:\program\nodelist\listnode\listnode\list.c(127): warning C4101: “pNew”: 未引用的局部变量
     1>e:\program\nodelist\listnode\listnode\list.c(173): warning C4033: “SearchList”必须返回值
     1>e:\program\nodelist\listnode\listnode\list.c(83): warning C4716: “HeadDelNode”: 必须返回一个值
     1>e:\program\nodelist\listnode\listnode\list.c(64): warning C4715: “HeadInsertNode”: 不是所有的控件路径都返回值
     1>e:\program\nodelist\listnode\listnode\list.c(120): warning C4716: “LocalInsertNode”: 必须返回一个值
     1>e:\program\nodelist\listnode\listnode\list.c(158): warning C4716: “LocalDelNode”: 必须返回一个值
     1>e:\program\nodelist\listnode\listnode\list.c(183): warning C4716: “SearchList”: 必须返回一个值
       Link:
         C:\Program Files (x86)\Microsoft Visual Studio 11.0\VC\bin\link.exe /ERRORREPORT:PROMPT /OUT:"E:\program\NodeList\listNode\Debug\listNode.exe" /INCREMENTAL /NOLOGO kernel32.lib user32.lib gdi32.lib winspool.lib comdlg32.lib advapi32.lib shell32.lib ole32.lib oleaut32.lib uuid.lib odbc32.lib odbccp32.lib /MANIFEST /MANIFESTUAC:"level='asInvoker' uiAccess='false'" /manifest:embed /DEBUG /PDB:"E:\program\NodeList\listNode\Debug\listNode.pdb" /SUBSYSTEM:CONSOLE /TLBID:1 /DYNAMICBASE /NXCOMPAT /IMPLIB:"E:\program\NodeList\listNode\Debug\listNode.lib" /MACHINE:X86 Debug\list.obj
         Debug\main.obj
         listNode.vcxproj -> E:\program\NodeList\listNode\Debug\listNode.exe
     1>已完成生成项目“E:\program\NodeList\listNode\listNode\listNode.vcxproj”(Build 个目标)的操作。

生成成功。

已用时间 00:00:00.66
